This file contains any messages produced by compilers while
running configure, to aid debugging if configure makes a mistake.

It was created by objpol configure 1.0, which was
generated by GNU Autoconf 2.69.  Invocation command line was

  $ ./configure 

## --------- ##
## Platform. ##
## --------- ##

hostname = artur-linux
uname -m = x86_64
uname -r = 5.4.0-42-generic
uname -s = Linux
uname -v = #46~18.04.1-Ubuntu SMP Fri Jul 10 07:21:24 UTC 2020

/usr/bin/uname -p = unknown
/bin/uname -X     = unknown

/bin/arch              = unknown
/usr/bin/arch -k       = unknown
/usr/convex/getsysinfo = unknown
/usr/bin/hostinfo      = unknown
/bin/machine           = unknown
/usr/bin/oslevel       = unknown
/bin/universe          = unknown

PATH: /usr/local/sbin
PATH: /usr/local/bin
PATH: /usr/sbin
PATH: /usr/bin
PATH: /sbin
PATH: /bin
PATH: /usr/games
PATH: /usr/local/games


## ----------- ##
## Core tests. ##
## ----------- ##

configure:2244: WARNING: Libtool does not cope well with whitespace in `pwd`
configure:2271: checking build system type
configure:2285: result: x86_64-pc-linux-gnu
configure:2305: checking host system type
configure:2318: result: x86_64-pc-linux-gnu
configure:2359: checking how to print strings
configure:2386: result: printf
configure:2458: checking for gcc
configure:2474: found /usr/bin/gcc
configure:2485: result: gcc
configure:2714: checking for C compiler version
configure:2723: gcc --version >&5
gcc (Ubuntu 7.5.0-3ubuntu1~18.04) 7.5.0
Copyright (C) 2017 Free Software Foundation, Inc.
This is free software; see the source for copying conditions.  There is NO
warranty; not even for MERCHANTABILITY or FITNESS FOR A PARTICULAR PURPOSE.

configure:2734: $? = 0
configure:2723: gcc -v >&5
Using built-in specs.
COLLECT_GCC=gcc
COLLECT_LTO_WRAPPER=/usr/lib/gcc/x86_64-linux-gnu/7/lto-wrapper
OFFLOAD_TARGET_NAMES=nvptx-none
OFFLOAD_TARGET_DEFAULT=1
Target: x86_64-linux-gnu
Configured with: ../src/configure -v --with-pkgversion='Ubuntu 7.5.0-3ubuntu1~18.04' --with-bugurl=file:///usr/share/doc/gcc-7/README.Bugs --enable-languages=c,ada,c++,go,brig,d,fortran,objc,obj-c++ --prefix=/usr --with-gcc-major-version-only --program-suffix=-7 --program-prefix=x86_64-linux-gnu- --enable-shared --enable-linker-build-id --libexecdir=/usr/lib --without-included-gettext --enable-threads=posix --libdir=/usr/lib --enable-nls --enable-bootstrap --enable-clocale=gnu --enable-libstdcxx-debug --enable-libstdcxx-time=yes --with-default-libstdcxx-abi=new --enable-gnu-unique-object --disable-vtable-verify --enable-libmpx --enable-plugin --enable-default-pie --with-system-zlib --with-target-system-zlib --enable-objc-gc=auto --enable-multiarch --disable-werror --with-arch-32=i686 --with-abi=m64 --with-multilib-list=m32,m64,mx32 --enable-multilib --with-tune=generic --enable-offload-targets=nvptx-none --without-cuda-driver --enable-checking=release --build=x86_64-linux-gnu --host=x86_64-linux-gnu --target=x86_64-linux-gnu
Thread model: posix
gcc version 7.5.0 (Ubuntu 7.5.0-3ubuntu1~18.04) 
configure:2734: $? = 0
configure:2723: gcc -V >&5
gcc: error: unrecognized command line option '-V'
gcc: fatal error: no input files
compilation terminated.
configure:2734: $? = 1
configure:2723: gcc -qversion >&5
gcc: error: unrecognized command line option '-qversion'; did you mean '--version'?
gcc: fatal error: no input files
compilation terminated.
configure:2734: $? = 1
configure:2754: checking whether the C compiler works
configure:2776: gcc    conftest.c  >&5
configure:2780: $? = 0
configure:2828: result: yes
configure:2831: checking for C compiler default output file name
configure:2833: result: a.out
configure:2839: checking for suffix of executables
configure:2846: gcc -o conftest    conftest.c  >&5
configure:2850: $? = 0
configure:2872: result: 
configure:2894: checking whether we are cross compiling
configure:2902: gcc -o conftest    conftest.c  >&5
configure:2906: $? = 0
configure:2913: ./conftest
configure:2917: $? = 0
configure:2932: result: no
configure:2937: checking for suffix of object files
configure:2959: gcc -c   conftest.c >&5
configure:2963: $? = 0
configure:2984: result: o
configure:2988: checking whether we are using the GNU C compiler
configure:3007: gcc -c   conftest.c >&5
configure:3007: $? = 0
configure:3016: result: yes
configure:3025: checking whether gcc accepts -g
configure:3045: gcc -c -g  conftest.c >&5
configure:3045: $? = 0
configure:3086: result: yes
configure:3103: checking for gcc option to accept ISO C89
configure:3166: gcc  -c -g -O2  conftest.c >&5
configure:3166: $? = 0
configure:3179: result: none needed
configure:3204: checking whether gcc understands -c and -o together
configure:3226: gcc -c conftest.c -o conftest2.o
configure:3229: $? = 0
configure:3226: gcc -c conftest.c -o conftest2.o
configure:3229: $? = 0
configure:3241: result: yes
configure:3258: checking for a sed that does not truncate output
configure:3322: result: /bin/sed
configure:3340: checking for grep that handles long lines and -e
configure:3398: result: /bin/grep
configure:3403: checking for egrep
configure:3465: result: /bin/grep -E
configure:3470: checking for fgrep
configure:3532: result: /bin/grep -F
configure:3567: checking for ld used by gcc
configure:3634: result: /usr/bin/ld
configure:3641: checking if the linker (/usr/bin/ld) is GNU ld
configure:3656: result: yes
configure:3668: checking for BSD- or MS-compatible name lister (nm)
configure:3722: result: /usr/bin/nm -B
configure:3852: checking the name lister (/usr/bin/nm -B) interface
configure:3859: gcc -c -g -O2  conftest.c >&5
configure:3862: /usr/bin/nm -B "conftest.o"
configure:3865: output
0000000000000000 B some_variable
configure:3872: result: BSD nm
configure:3875: checking whether ln -s works
configure:3879: result: yes
configure:3887: checking the maximum length of command line arguments
configure:4018: result: 1572864
configure:4066: checking how to convert x86_64-pc-linux-gnu file names to x86_64-pc-linux-gnu format
configure:4106: result: func_convert_file_noop
configure:4113: checking how to convert x86_64-pc-linux-gnu file names to toolchain format
configure:4133: result: func_convert_file_noop
configure:4140: checking for /usr/bin/ld option to reload object files
configure:4147: result: -r
configure:4221: checking for objdump
configure:4237: found /usr/bin/objdump
configure:4248: result: objdump
configure:4280: checking how to recognize dependent libraries
configure:4480: result: pass_all
configure:4565: checking for dlltool
configure:4595: result: no
configure:4625: checking how to associate runtime and link libraries
configure:4652: result: printf %s\n
configure:4713: checking for ar
configure:4729: found /usr/bin/ar
configure:4740: result: ar
configure:4777: checking for archiver @FILE support
configure:4794: gcc -c -g -O2  conftest.c >&5
configure:4794: $? = 0
configure:4797: ar cru libconftest.a @conftest.lst >&5
ar: `u' modifier ignored since `D' is the default (see `U')
configure:4800: $? = 0
configure:4805: ar cru libconftest.a @conftest.lst >&5
ar: `u' modifier ignored since `D' is the default (see `U')
ar: conftest.o: No such file or directory
configure:4808: $? = 1
configure:4820: result: @
configure:4878: checking for strip
configure:4894: found /usr/bin/strip
configure:4905: result: strip
configure:4977: checking for ranlib
configure:4993: found /usr/bin/ranlib
configure:5004: result: ranlib
configure:5081: checking for gawk
configure:5111: result: no
configure:5081: checking for mawk
configure:5097: found /usr/bin/mawk
configure:5108: result: mawk
configure:5148: checking command to parse /usr/bin/nm -B output from gcc object
configure:5301: gcc -c -g -O2  conftest.c >&5
configure:5304: $? = 0
configure:5308: /usr/bin/nm -B conftest.o \| sed -n -e 's/^.*[ ]\([ABCDGIRSTW][ABCDGIRSTW]*\)[ ][ ]*\([_A-Za-z][_A-Za-z0-9]*\)$/\1 \2 \2/p' | sed '/ __gnu_lto/d' \> conftest.nm
configure:5311: $? = 0
configure:5377: gcc -o conftest -g -O2   conftest.c conftstm.o >&5
configure:5380: $? = 0
configure:5418: result: ok
configure:5465: checking for sysroot
configure:5495: result: no
configure:5502: checking for a working dd
configure:5540: result: /bin/dd
configure:5544: checking how to truncate binary pipes
configure:5559: result: /bin/dd bs=4096 count=1
configure:5695: gcc -c -g -O2  conftest.c >&5
configure:5698: $? = 0
configure:5888: checking for mt
configure:5904: found /bin/mt
configure:5915: result: mt
configure:5938: checking if mt is a manifest tool
configure:5944: mt '-?'
configure:5952: result: no
configure:6629: checking how to run the C preprocessor
configure:6660: gcc -E  conftest.c
configure:6660: $? = 0
configure:6674: gcc -E  conftest.c
conftest.c:9:10: fatal error: ac_nonexistent.h: No such file or directory
 #include <ac_nonexistent.h>
          ^~~~~~~~~~~~~~~~~~
compilation terminated.
configure:6674: $? = 1
configure: failed program was:
| /* confdefs.h */
| #define PACKAGE_NAME "objpol"
| #define PACKAGE_TARNAME "objpol"
| #define PACKAGE_VERSION "1.0"
| #define PACKAGE_STRING "objpol 1.0"
| #define PACKAGE_BUGREPORT "objpol@zad.com"
| #define PACKAGE_URL ""
| /* end confdefs.h.  */
| #include <ac_nonexistent.h>
configure:6699: result: gcc -E
configure:6719: gcc -E  conftest.c
configure:6719: $? = 0
configure:6733: gcc -E  conftest.c
conftest.c:9:10: fatal error: ac_nonexistent.h: No such file or directory
 #include <ac_nonexistent.h>
          ^~~~~~~~~~~~~~~~~~
compilation terminated.
configure:6733: $? = 1
configure: failed program was:
| /* confdefs.h */
| #define PACKAGE_NAME "objpol"
| #define PACKAGE_TARNAME "objpol"
| #define PACKAGE_VERSION "1.0"
| #define PACKAGE_STRING "objpol 1.0"
| #define PACKAGE_BUGREPORT "objpol@zad.com"
| #define PACKAGE_URL ""
| /* end confdefs.h.  */
| #include <ac_nonexistent.h>
configure:6762: checking for ANSI C header files
configure:6782: gcc -c -g -O2  conftest.c >&5
configure:6782: $? = 0
configure:6855: gcc -o conftest -g -O2   conftest.c  >&5
configure:6855: $? = 0
configure:6855: ./conftest
configure:6855: $? = 0
configure:6866: result: yes
configure:6879: checking for sys/types.h
configure:6879: gcc -c -g -O2  conftest.c >&5
configure:6879: $? = 0
configure:6879: result: yes
configure:6879: checking for sys/stat.h
configure:6879: gcc -c -g -O2  conftest.c >&5
configure:6879: $? = 0
configure:6879: result: yes
configure:6879: checking for stdlib.h
configure:6879: gcc -c -g -O2  conftest.c >&5
configure:6879: $? = 0
configure:6879: result: yes
configure:6879: checking for string.h
configure:6879: gcc -c -g -O2  conftest.c >&5
configure:6879: $? = 0
configure:6879: result: yes
configure:6879: checking for memory.h
configure:6879: gcc -c -g -O2  conftest.c >&5
configure:6879: $? = 0
configure:6879: result: yes
configure:6879: checking for strings.h
configure:6879: gcc -c -g -O2  conftest.c >&5
configure:6879: $? = 0
configure:6879: result: yes
configure:6879: checking for inttypes.h
configure:6879: gcc -c -g -O2  conftest.c >&5
configure:6879: $? = 0
configure:6879: result: yes
configure:6879: checking for stdint.h
configure:6879: gcc -c -g -O2  conftest.c >&5
configure:6879: $? = 0
configure:6879: result: yes
configure:6879: checking for unistd.h
configure:6879: gcc -c -g -O2  conftest.c >&5
configure:6879: $? = 0
configure:6879: result: yes
configure:6893: checking for dlfcn.h
configure:6893: gcc -c -g -O2  conftest.c >&5
configure:6893: $? = 0
configure:6893: result: yes
configure:7149: checking for objdir
configure:7164: result: .libs
configure:7428: checking if gcc supports -fno-rtti -fno-exceptions
configure:7446: gcc -c -g -O2  -fno-rtti -fno-exceptions conftest.c >&5
cc1: warning: command line option '-fno-rtti' is valid for C++/ObjC++ but not for C
configure:7450: $? = 0
configure:7463: result: no
configure:7821: checking for gcc option to produce PIC
configure:7828: result: -fPIC -DPIC
configure:7836: checking if gcc PIC flag -fPIC -DPIC works
configure:7854: gcc -c -g -O2  -fPIC -DPIC -DPIC conftest.c >&5
configure:7858: $? = 0
configure:7871: result: yes
configure:7900: checking if gcc static flag -static works
configure:7928: result: yes
configure:7943: checking if gcc supports -c -o file.o
configure:7964: gcc -c -g -O2  -o out/conftest2.o conftest.c >&5
configure:7968: $? = 0
configure:7990: result: yes
configure:7998: checking if gcc supports -c -o file.o
configure:8045: result: yes
configure:8078: checking whether the gcc linker (/usr/bin/ld -m elf_x86_64) supports shared libraries
configure:9337: result: yes
configure:9374: checking whether -lc should be explicitly linked in
configure:9382: gcc -c -g -O2  conftest.c >&5
configure:9385: $? = 0
configure:9400: gcc -shared  -fPIC -DPIC conftest.o  -v -Wl,-soname -Wl,conftest -o conftest 2\>\&1 \| /bin/grep  -lc  \>/dev/null 2\>\&1
configure:9403: $? = 0
configure:9417: result: no
configure:9577: checking dynamic linker characteristics
configure:10158: gcc -o conftest -g -O2   -Wl,-rpath -Wl,/foo conftest.c  >&5
configure:10158: $? = 0
configure:10395: result: GNU/Linux ld.so
configure:10517: checking how to hardcode library paths into programs
configure:10542: result: immediate
configure:11090: checking whether stripping libraries is possible
configure:11095: result: yes
configure:11130: checking if libtool supports shared libraries
configure:11132: result: yes
configure:11135: checking whether to build shared libraries
configure:11160: result: yes
configure:11163: checking whether to build static libraries
configure:11167: result: yes
configure:11220: checking for a BSD-compatible install
configure:11288: result: /usr/bin/install -c
configure:11299: checking whether build environment is sane
configure:11354: result: yes
configure:11502: checking for a thread-safe mkdir -p
configure:11541: result: /bin/mkdir -p
configure:11544: checking whether make sets $(MAKE)
configure:11566: result: yes
configure:11588: checking whether make supports the include directive
configure:11603: make -f confmf.GNU && cat confinc.out
this is the am__doit target
configure:11606: $? = 0
configure:11625: result: yes (GNU style)
configure:11658: checking whether make supports nested variables
configure:11675: result: yes
configure:11760: checking dependency style of gcc
configure:11871: result: gcc3
configure:11981: checking for gcc
configure:12008: result: gcc
configure:12237: checking for C compiler version
configure:12246: gcc --version >&5
gcc (Ubuntu 7.5.0-3ubuntu1~18.04) 7.5.0
Copyright (C) 2017 Free Software Foundation, Inc.
This is free software; see the source for copying conditions.  There is NO
warranty; not even for MERCHANTABILITY or FITNESS FOR A PARTICULAR PURPOSE.

configure:12257: $? = 0
configure:12246: gcc -v >&5
Using built-in specs.
COLLECT_GCC=gcc
COLLECT_LTO_WRAPPER=/usr/lib/gcc/x86_64-linux-gnu/7/lto-wrapper
OFFLOAD_TARGET_NAMES=nvptx-none
OFFLOAD_TARGET_DEFAULT=1
Target: x86_64-linux-gnu
Configured with: ../src/configure -v --with-pkgversion='Ubuntu 7.5.0-3ubuntu1~18.04' --with-bugurl=file:///usr/share/doc/gcc-7/README.Bugs --enable-languages=c,ada,c++,go,brig,d,fortran,objc,obj-c++ --prefix=/usr --with-gcc-major-version-only --program-suffix=-7 --program-prefix=x86_64-linux-gnu- --enable-shared --enable-linker-build-id --libexecdir=/usr/lib --without-included-gettext --enable-threads=posix --libdir=/usr/lib --enable-nls --enable-bootstrap --enable-clocale=gnu --enable-libstdcxx-debug --enable-libstdcxx-time=yes --with-default-libstdcxx-abi=new --enable-gnu-unique-object --disable-vtable-verify --enable-libmpx --enable-plugin --enable-default-pie --with-system-zlib --with-target-system-zlib --enable-objc-gc=auto --enable-multiarch --disable-werror --with-arch-32=i686 --with-abi=m64 --with-multilib-list=m32,m64,mx32 --enable-multilib --with-tune=generic --enable-offload-targets=nvptx-none --without-cuda-driver --enable-checking=release --build=x86_64-linux-gnu --host=x86_64-linux-gnu --target=x86_64-linux-gnu
Thread model: posix
gcc version 7.5.0 (Ubuntu 7.5.0-3ubuntu1~18.04) 
configure:12257: $? = 0
configure:12246: gcc -V >&5
gcc: error: unrecognized command line option '-V'
gcc: fatal error: no input files
compilation terminated.
configure:12257: $? = 1
configure:12246: gcc -qversion >&5
gcc: error: unrecognized command line option '-qversion'; did you mean '--version'?
gcc: fatal error: no input files
compilation terminated.
configure:12257: $? = 1
configure:12261: checking whether we are using the GNU C compiler
configure:12289: result: yes
configure:12298: checking whether gcc accepts -g
configure:12359: result: yes
configure:12376: checking for gcc option to accept ISO C89
configure:12452: result: none needed
configure:12477: checking whether gcc understands -c and -o together
configure:12514: result: yes
configure:12541: checking for stdlib.h
configure:12541: result: yes
configure:12698: checking that generated files are newer than configure
configure:12704: result: done
configure:12727: creating ./config.status

## ---------------------- ##
## Running config.status. ##
## ---------------------- ##

This file was extended by objpol config.status 1.0, which was
generated by GNU Autoconf 2.69.  Invocation command line was

  CONFIG_FILES    = 
  CONFIG_HEADERS  = 
  CONFIG_LINKS    = 
  CONFIG_COMMANDS = 
  $ ./config.status 

on artur-linux

config.status:1006: creating Makefile
config.status:1178: executing libtool commands
config.status:1178: executing depfiles commands
config.status:1798: cd .       && sed -e '/# am--include-marker/d' Makefile         | make -f - am--depfiles
make: Nothing to be done for 'am--depfiles'.
config.status:1803: $? = 0

## ---------------- ##
## Cache variables. ##
## ---------------- ##

ac_cv_build=x86_64-pc-linux-gnu
ac_cv_c_compiler_gnu=yes
ac_cv_env_CC_set=
ac_cv_env_CC_value=
ac_cv_env_CFLAGS_set=
ac_cv_env_CFLAGS_value=
ac_cv_env_CPPFLAGS_set=
ac_cv_env_CPPFLAGS_value=
ac_cv_env_CPP_set=
ac_cv_env_CPP_value=
ac_cv_env_LDFLAGS_set=
ac_cv_env_LDFLAGS_value=
ac_cv_env_LIBS_set=
ac_cv_env_LIBS_value=
ac_cv_env_LT_SYS_LIBRARY_PATH_set=
ac_cv_env_LT_SYS_LIBRARY_PATH_value=
ac_cv_env_build_alias_set=
ac_cv_env_build_alias_value=
ac_cv_env_host_alias_set=
ac_cv_env_host_alias_value=
ac_cv_env_target_alias_set=
ac_cv_env_target_alias_value=
ac_cv_header_dlfcn_h=yes
ac_cv_header_inttypes_h=yes
ac_cv_header_memory_h=yes
ac_cv_header_stdc=yes
ac_cv_header_stdint_h=yes
ac_cv_header_stdlib_h=yes
ac_cv_header_string_h=yes
ac_cv_header_strings_h=yes
ac_cv_header_sys_stat_h=yes
ac_cv_header_sys_types_h=yes
ac_cv_header_unistd_h=yes
ac_cv_host=x86_64-pc-linux-gnu
ac_cv_objext=o
ac_cv_path_EGREP='/bin/grep -E'
ac_cv_path_FGREP='/bin/grep -F'
ac_cv_path_GREP=/bin/grep
ac_cv_path_SED=/bin/sed
ac_cv_path_install='/usr/bin/install -c'
ac_cv_path_lt_DD=/bin/dd
ac_cv_path_mkdir=/bin/mkdir
ac_cv_prog_AWK=mawk
ac_cv_prog_CPP='gcc -E'
ac_cv_prog_ac_ct_AR=ar
ac_cv_prog_ac_ct_CC=gcc
ac_cv_prog_ac_ct_MANIFEST_TOOL=mt
ac_cv_prog_ac_ct_OBJDUMP=objdump
ac_cv_prog_ac_ct_RANLIB=ranlib
ac_cv_prog_ac_ct_STRIP=strip
ac_cv_prog_cc_c89=
ac_cv_prog_cc_g=yes
ac_cv_prog_make_make_set=yes
am_cv_CC_dependencies_compiler_type=gcc3
am_cv_make_support_nested_variables=yes
am_cv_prog_cc_c_o=yes
lt_cv_ar_at_file=@
lt_cv_archive_cmds_need_lc=no
lt_cv_deplibs_check_method=pass_all
lt_cv_file_magic_cmd='$MAGIC_CMD'
lt_cv_file_magic_test_file=
lt_cv_ld_reload_flag=-r
lt_cv_nm_interface='BSD nm'
lt_cv_objdir=.libs
lt_cv_path_LD=/usr/bin/ld
lt_cv_path_NM='/usr/bin/nm -B'
lt_cv_path_mainfest_tool=no
lt_cv_prog_compiler_c_o=yes
lt_cv_prog_compiler_pic='-fPIC -DPIC'
lt_cv_prog_compiler_pic_works=yes
lt_cv_prog_compiler_rtti_exceptions=no
lt_cv_prog_compiler_static_works=yes
lt_cv_prog_gnu_ld=yes
lt_cv_sharedlib_from_linklib_cmd='printf %s\n'
lt_cv_shlibpath_overrides_runpath=yes
lt_cv_sys_global_symbol_pipe='sed -n -e '\''s/^.*[	 ]\([ABCDGIRSTW][ABCDGIRSTW]*\)[	 ][	 ]*\([_A-Za-z][_A-Za-z0-9]*\)$/\1 \2 \2/p'\'' | sed '\''/ __gnu_lto/d'\'''
lt_cv_sys_global_symbol_to_c_name_address='sed -n -e '\''s/^: \(.*\) .*$/  {"\1", (void *) 0},/p'\'' -e '\''s/^[ABCDGIRSTW][ABCDGIRSTW]* .* \(.*\)$/  {"\1", (void *) \&\1},/p'\'''
lt_cv_sys_global_symbol_to_c_name_address_lib_prefix='sed -n -e '\''s/^: \(.*\) .*$/  {"\1", (void *) 0},/p'\'' -e '\''s/^[ABCDGIRSTW][ABCDGIRSTW]* .* \(lib.*\)$/  {"\1", (void *) \&\1},/p'\'' -e '\''s/^[ABCDGIRSTW][ABCDGIRSTW]* .* \(.*\)$/  {"lib\1", (void *) \&\1},/p'\'''
lt_cv_sys_global_symbol_to_cdecl='sed -n -e '\''s/^T .* \(.*\)$/extern int \1();/p'\'' -e '\''s/^[ABCDGIRSTW][ABCDGIRSTW]* .* \(.*\)$/extern char \1;/p'\'''
lt_cv_sys_global_symbol_to_import=
lt_cv_sys_max_cmd_len=1572864
lt_cv_to_host_file_cmd=func_convert_file_noop
lt_cv_to_tool_file_cmd=func_convert_file_noop
lt_cv_truncate_bin='/bin/dd bs=4096 count=1'

## ----------------- ##
## Output variables. ##
## ----------------- ##

ACLOCAL='${SHELL} "/home/artur-user/Desktop/studia/II semestr/Systemy operacyjne/zad2AMlib/zad2AM/missing" aclocal-1.16'
AMDEPBACKSLASH='\'
AMDEP_FALSE='#'
AMDEP_TRUE=''
AMTAR='$${TAR-tar}'
AM_BACKSLASH='\'
AM_DEFAULT_V='$(AM_DEFAULT_VERBOSITY)'
AM_DEFAULT_VERBOSITY='1'
AM_V='$(V)'
AR='ar'
AUTOCONF='${SHELL} "/home/artur-user/Desktop/studia/II semestr/Systemy operacyjne/zad2AMlib/zad2AM/missing" autoconf'
AUTOHEADER='${SHELL} "/home/artur-user/Desktop/studia/II semestr/Systemy operacyjne/zad2AMlib/zad2AM/missing" autoheader'
AUTOMAKE='${SHELL} "/home/artur-user/Desktop/studia/II semestr/Systemy operacyjne/zad2AMlib/zad2AM/missing" automake-1.16'
AWK='mawk'
CC='gcc'
CCDEPMODE='depmode=gcc3'
CFLAGS='-g -O2'
CPP='gcc -E'
CPPFLAGS=''
CYGPATH_W='echo'
DEFS='-DPACKAGE_NAME=\"objpol\" -DPACKAGE_TARNAME=\"objpol\" -DPACKAGE_VERSION=\"1.0\" -DPACKAGE_STRING=\"objpol\ 1.0\" -DPACKAGE_BUGREPORT=\"objpol@zad.com\" -DPACKAGE_URL=\"\" -DSTDC_HEADERS=1 -DHAVE_SYS_TYPES_H=1 -DHAVE_SYS_STAT_H=1 -DHAVE_STDLIB_H=1 -DHAVE_STRING_H=1 -DHAVE_MEMORY_H=1 -DHAVE_STRINGS_H=1 -DHAVE_INTTYPES_H=1 -DHAVE_STDINT_H=1 -DHAVE_UNISTD_H=1 -DHAVE_DLFCN_H=1 -DLT_OBJDIR=\".libs/\" -DPACKAGE=\"objpol\" -DVERSION=\"1.0\" -DHAVE_STDLIB_H=1'
DEPDIR='.deps'
DLLTOOL='false'
DSYMUTIL=''
DUMPBIN=''
ECHO_C=''
ECHO_N='-n'
ECHO_T=''
EGREP='/bin/grep -E'
EXEEXT=''
FGREP='/bin/grep -F'
GREP='/bin/grep'
INSTALL_DATA='${INSTALL} -m 644'
INSTALL_PROGRAM='${INSTALL}'
INSTALL_SCRIPT='${INSTALL}'
INSTALL_STRIP_PROGRAM='$(install_sh) -c -s'
LD='/usr/bin/ld -m elf_x86_64'
LDFLAGS=''
LIBOBJS=''
LIBS=''
LIBTOOL='$(SHELL) $(top_builddir)/libtool'
LIPO=''
LN_S='ln -s'
LTLIBOBJS=''
LT_SYS_LIBRARY_PATH=''
MAKEINFO='${SHELL} "/home/artur-user/Desktop/studia/II semestr/Systemy operacyjne/zad2AMlib/zad2AM/missing" makeinfo'
MANIFEST_TOOL=':'
MKDIR_P='/bin/mkdir -p'
NM='/usr/bin/nm -B'
NMEDIT=''
OBJDUMP='objdump'
OBJEXT='o'
OTOOL64=''
OTOOL=''
PACKAGE='objpol'
PACKAGE_BUGREPORT='objpol@zad.com'
PACKAGE_NAME='objpol'
PACKAGE_STRING='objpol 1.0'
PACKAGE_TARNAME='objpol'
PACKAGE_URL=''
PACKAGE_VERSION='1.0'
PATH_SEPARATOR=':'
RANLIB='ranlib'
SED='/bin/sed'
SET_MAKE=''
SHELL='/bin/bash'
STRIP='strip'
VERSION='1.0'
ac_ct_AR='ar'
ac_ct_CC='gcc'
ac_ct_DUMPBIN=''
am__EXEEXT_FALSE=''
am__EXEEXT_TRUE='#'
am__fastdepCC_FALSE='#'
am__fastdepCC_TRUE=''
am__include='include'
am__isrc=''
am__leading_dot='.'
am__nodep='_no'
am__quote=''
am__tar='$${TAR-tar} chof - "$$tardir"'
am__untar='$${TAR-tar} xf -'
bindir='${exec_prefix}/bin'
build='x86_64-pc-linux-gnu'
build_alias=''
build_cpu='x86_64'
build_os='linux-gnu'
build_vendor='pc'
datadir='${datarootdir}'
datarootdir='${prefix}/share'
docdir='${datarootdir}/doc/${PACKAGE_TARNAME}'
dvidir='${docdir}'
exec_prefix='${prefix}'
host='x86_64-pc-linux-gnu'
host_alias=''
host_cpu='x86_64'
host_os='linux-gnu'
host_vendor='pc'
htmldir='${docdir}'
includedir='${prefix}/include'
infodir='${datarootdir}/info'
install_sh='${SHELL} '\''/home/artur-user/Desktop/studia/II semestr/Systemy operacyjne/zad2AMlib/zad2AM/install-sh'\'''
libdir='${exec_prefix}/lib'
libexecdir='${exec_prefix}/libexec'
localedir='${datarootdir}/locale'
localstatedir='${prefix}/var'
mandir='${datarootdir}/man'
mkdir_p='$(MKDIR_P)'
oldincludedir='/usr/include'
pdfdir='${docdir}'
prefix='/usr/local'
program_transform_name='s,x,x,'
psdir='${docdir}'
sbindir='${exec_prefix}/sbin'
sharedstatedir='${prefix}/com'
sysconfdir='${prefix}/etc'
target_alias=''

## ----------- ##
## confdefs.h. ##
## ----------- ##

/* confdefs.h */
#define PACKAGE_NAME "objpol"
#define PACKAGE_TARNAME "objpol"
#define PACKAGE_VERSION "1.0"
#define PACKAGE_STRING "objpol 1.0"
#define PACKAGE_BUGREPORT "objpol@zad.com"
#define PACKAGE_URL ""
#define STDC_HEADERS 1
#define HAVE_SYS_TYPES_H 1
#define HAVE_SYS_STAT_H 1
#define HAVE_STDLIB_H 1
#define HAVE_STRING_H 1
#define HAVE_MEMORY_H 1
#define HAVE_STRINGS_H 1
#define HAVE_INTTYPES_H 1
#define HAVE_STDINT_H 1
#define HAVE_UNISTD_H 1
#define HAVE_DLFCN_H 1
#define LT_OBJDIR ".libs/"
#define PACKAGE "objpol"
#define VERSION "1.0"
#define HAVE_STDLIB_H 1

configure: exit 0

## ---------------------- ##
## Running config.status. ##
## ---------------------- ##

This file was extended by objpol config.status 1.0, which was
generated by GNU Autoconf 2.69.  Invocation command line was

  CONFIG_FILES    = 
  CONFIG_HEADERS  = 
  CONFIG_LINKS    = 
  CONFIG_COMMANDS = 
  $ ./config.status Makefile depfiles

on artur-linux

config.status:1006: creating Makefile
config.status:1178: executing depfiles commands
config.status:1798: cd .       && sed -e '/# am--include-marker/d' Makefile         | make -f - am--depfiles
make[1]: Entering directory '/home/artur-user/Desktop/studia/II semestr/Systemy operacyjne/zad2AMlib/zad2AM'
make[1]: Nothing to be done for 'am--depfiles'.
make[1]: Leaving directory '/home/artur-user/Desktop/studia/II semestr/Systemy operacyjne/zad2AMlib/zad2AM'
config.status:1803: $? = 0

## ---------------------- ##
## Running config.status. ##
## ---------------------- ##

This file was extended by objpol config.status 1.0, which was
generated by GNU Autoconf 2.69.  Invocation command line was

  CONFIG_FILES    = 
  CONFIG_HEADERS  = 
  CONFIG_LINKS    = 
  CONFIG_COMMANDS = 
  $ ./config.status Makefile depfiles

on artur-linux

config.status:1006: creating Makefile
config.status:1178: executing depfiles commands
config.status:1798: cd .       && sed -e '/# am--include-marker/d' Makefile         | make -f - am--depfiles
make[1]: Entering directory '/home/artur-user/Desktop/studia/II semestr/Systemy operacyjne/zad2AMlib/zad2AM'
make[1]: Nothing to be done for 'am--depfiles'.
make[1]: Leaving directory '/home/artur-user/Desktop/studia/II semestr/Systemy operacyjne/zad2AMlib/zad2AM'
config.status:1803: $? = 0

## ---------------------- ##
## Running config.status. ##
## ---------------------- ##

This file was extended by objpol config.status 1.0, which was
generated by GNU Autoconf 2.69.  Invocation command line was

  CONFIG_FILES    = 
  CONFIG_HEADERS  = 
  CONFIG_LINKS    = 
  CONFIG_COMMANDS = 
  $ ./config.status Makefile depfiles

on artur-linux

config.status:1006: creating Makefile
config.status:1178: executing depfiles commands
config.status:1798: cd .       && sed -e '/# am--include-marker/d' Makefile         | make -f - am--depfiles
make[1]: Entering directory '/home/artur-user/Desktop/studia/II semestr/Systemy operacyjne/zad2AMlib/zad2AM'
make[1]: Nothing to be done for 'am--depfiles'.
make[1]: Leaving directory '/home/artur-user/Desktop/studia/II semestr/Systemy operacyjne/zad2AMlib/zad2AM'
config.status:1803: $? = 0
